c:\users\θρας\documents\vsprojects\mfccitydbapp\mfccitydbapp\debug\vc141.pdb
c:\users\θρας\documents\vsprojects\mfccitydbapp\mfccitydbapp\debug\vc141.idb
c:\users\θρας\documents\vsprojects\mfccitydbapp\mfccitydbapp\debug\mfccitydbappdlg.obj
c:\users\θρας\documents\vsprojects\mfccitydbapp\mfccitydbapp\debug\mfccitydbapp.obj
c:\users\θρας\documents\vsprojects\mfccitydbapp\mfccitydbapp\debug\actions.obj
c:\users\θρας\documents\vsprojects\mfccitydbapp\mfccitydbapp\debug\hometab.obj
c:\users\θρας\documents\vsprojects\mfccitydbapp\mfccitydbapp\debug\cmysheet.obj
c:\users\θρας\documents\vsprojects\mfccitydbapp\mfccitydbapp\debug\mfccitydbapp.pch
c:\users\θρας\documents\vsprojects\mfccitydbapp\mfccitydbapp\debug\pch.obj
c:\users\θρας\documents\vsprojects\mfccitydbapp\mfccitydbapp\debug\selecttab.obj
c:\users\θρας\documents\vsprojects\mfccitydbapp\mfccitydbapp\debug\updatetab.obj
c:\users\θρας\documents\vsprojects\mfccitydbapp\mfccitydbapp\debug\inserttab.obj
c:\users\θρας\documents\vsprojects\mfccitydbapp\mfccitydbapp\debug\deletetab.obj
c:\users\θρας\documents\vsprojects\mfccitydbapp\debug\mfccitydbapp.exe
c:\users\θρας\documents\vsprojects\mfccitydbapp\debug\mfccitydbapp.ilk
c:\users\θρας\documents\vsprojects\mfccitydbapp\debug\mfccitydbapp.pdb
c:\users\θρας\documents\vsprojects\mfccitydbapp\mfccitydbapp\debug\mfccitydbapp.res
c:\users\θρας\documents\vsprojects\mfccitydbapp\mfccitydbapp\debug\mfccitydbapp.tlog\cl.command.1.tlog
c:\users\θρας\documents\vsprojects\mfccitydbapp\mfccitydbapp\debug\mfccitydbapp.tlog\cl.read.1.tlog
c:\users\θρας\documents\vsprojects\mfccitydbapp\mfccitydbapp\debug\mfccitydbapp.tlog\cl.write.1.tlog
c:\users\θρας\documents\vsprojects\mfccitydbapp\mfccitydbapp\debug\mfccitydbapp.tlog\link.command.1.tlog
c:\users\θρας\documents\vsprojects\mfccitydbapp\mfccitydbapp\debug\mfccitydbapp.tlog\link.read.1.tlog
c:\users\θρας\documents\vsprojects\mfccitydbapp\mfccitydbapp\debug\mfccitydbapp.tlog\link.write.1.tlog
c:\users\θρας\documents\vsprojects\mfccitydbapp\mfccitydbapp\debug\mfccitydbapp.tlog\rc.command.1.tlog
c:\users\θρας\documents\vsprojects\mfccitydbapp\mfccitydbapp\debug\mfccitydbapp.tlog\rc.read.1.tlog
c:\users\θρας\documents\vsprojects\mfccitydbapp\mfccitydbapp\debug\mfccitydbapp.tlog\rc.write.1.tlog
